----------------------------------------------------------------
Thu Jun 04 22:29:36 CEST 2015:
Booting Derby version The Apache Software Foundation - Apache Derby - 10.11.1.1 - (1616546): instance a816c00e-014d-c043-c2e0-00000e334ae8 
on database directory memory:C:\Users\Jan\Documents\NetBeansProjects\xkasztur_pv168\HotelManager\AccomManagerTest with class loader sun.misc.Launcher$AppClassLoader@2f995c9a 
Loaded from file:/C:/Users/Jan/.m2/repository/org/apache/derby/derby/10.11.1.1/derby-10.11.1.1.jar
java.vendor=Oracle Corporation
java.runtime.version=1.7.0_67-b01
user.dir=C:\Users\Jan\Documents\NetBeansProjects\xkasztur_pv168\HotelManager
os.name=Windows 8.1
os.arch=amd64
os.version=6.3
derby.system.home=null
Database Class Loader started - derby.database.classpath=''
----------------------------------------------------------------
Thu Jun 04 22:29:37 CEST 2015:
Booting Derby version The Apache Software Foundation - Apache Derby - 10.11.1.1 - (1616546): instance 939b418a-014d-c043-c2e0-00000e334ae8 
on database directory memory:C:\Users\Jan\Documents\NetBeansProjects\xkasztur_pv168\HotelManager\GuestManagerTest with class loader sun.misc.Launcher$AppClassLoader@2f995c9a 
Loaded from file:/C:/Users/Jan/.m2/repository/org/apache/derby/derby/10.11.1.1/derby-10.11.1.1.jar
java.vendor=Oracle Corporation
java.runtime.version=1.7.0_67-b01
user.dir=C:\Users\Jan\Documents\NetBeansProjects\xkasztur_pv168\HotelManager
os.name=Windows 8.1
os.arch=amd64
os.version=6.3
derby.system.home=null
Database Class Loader started - derby.database.classpath=''
----------------------------------------------------------------
Thu Jun 04 22:29:38 CEST 2015:
Booting Derby version The Apache Software Foundation - Apache Derby - 10.11.1.1 - (1616546): instance 0324439f-014d-c043-c2e0-00000e334ae8 
on database directory memory:C:\Users\Jan\Documents\NetBeansProjects\xkasztur_pv168\HotelManager\RoomeManagerTest with class loader sun.misc.Launcher$AppClassLoader@2f995c9a 
Loaded from file:/C:/Users/Jan/.m2/repository/org/apache/derby/derby/10.11.1.1/derby-10.11.1.1.jar
java.vendor=Oracle Corporation
java.runtime.version=1.7.0_67-b01
user.dir=C:\Users\Jan\Documents\NetBeansProjects\xkasztur_pv168\HotelManager
os.name=Windows 8.1
os.arch=amd64
os.version=6.3
derby.system.home=null
Database Class Loader started - derby.database.classpath=''
